[09:58:49] [ServerMain/INFO]: [bootstrap] Running Java 21 (Java HotSpot(TM) 64-Bit Server VM 21.0.4+8-LTS-274; Oracle Corporation null) on Windows 11 10.0 (amd64)
[09:58:49] [ServerMain/INFO]: [bootstrap] Loading Purpur 1.21.8-2497-HEAD@a49cdb9 (2025-09-19T01:51:04Z) for Minecraft 1.21.8
[09:58:50] [ServerMain/INFO]: [PluginInitializerManager] Initializing plugins...
[09:58:50] [ServerMain/INFO]: [PluginInitializerManager] Initialized 11 plugins
[09:58:50] [ServerMain/INFO]: [PluginInitializerManager] Bukkit plugins (11):
 - BlockLocker (1.13), Essentials (2.22.0-dev+33-65120e9), GSit (2.4.3), KAKC (1.2), LuckPerms (5.5.14), PlaceholderAPI (2.11.6), Shopkeepers (2.23.10), TAB (5.2.5), Vault (1.7.3-b131), WorldEdit (7.3.16+cbf4bd5), dynmap (3.6-899)
[09:58:53] [ServerMain/INFO]: Environment: Environment[sessionHost=https://sessionserver.mojang.com, servicesHost=https://api.minecraftservices.com, name=PROD]
[09:58:53] [ServerMain/INFO]: Found new data pack file/bukkit, loading it automatically
[09:58:53] [ServerMain/INFO]: Found new data pack paper, loading it automatically
[09:58:54] [ServerMain/INFO]: No existing world data, creating new world
[09:58:54] [ServerMain/INFO]: Loaded 1407 recipes
[09:58:54] [ServerMain/INFO]: Loaded 1520 advancements
[09:58:54] [ServerMain/INFO]: [ca.spottedleaf.dataconverter.minecraft.datatypes.MCTypeRegistry] Initialising converters for DataConverter...
[09:58:54] [ServerMain/INFO]: [ca.spottedleaf.dataconverter.minecraft.datatypes.MCTypeRegistry] Finished initialising converters for DataConverter in 243.8ms
[09:58:55] [Server thread/INFO]: Starting minecraft server version 1.21.8
[09:58:55] [Server thread/INFO]: Loading properties
[09:58:55] [Server thread/INFO]: This server is running Purpur version 1.21.8-2497-HEAD@a49cdb9 (2025-09-19T01:51:04Z) (Implementing API version 1.21.8-R0.1-SNAPSHOT)
[09:58:55] [Server thread/INFO]: [spark] This server bundles the spark profiler. For more information please visit https://docs.papermc.io/paper/profiling
[09:58:55] [Server thread/INFO]: Server Ping Player Sample Count: 12
[09:58:55] [Server thread/INFO]: Using 4 threads for Netty based IO
[09:58:55] [Server thread/INFO]: [MoonriseCommon] Paper is using 4 worker threads, 1 I/O threads
[09:58:55] [Server thread/INFO]: [ChunkTaskScheduler] Chunk system is using population gen parallelism: true
[09:58:55] [Server thread/INFO]: Default game type: SURVIVAL
[09:58:55] [Server thread/INFO]: Generating keypair
[09:58:55] [Server thread/INFO]: Starting Minecraft server on *:25565
[09:58:56] [Server thread/INFO]: Using default channel type
[09:58:56] [Server thread/INFO]: Paper: Using Java compression from Velocity.
[09:58:56] [Server thread/INFO]: Paper: Using Java cipher from Velocity.
[09:58:56] [Server thread/WARN]: [org.bukkit.craftbukkit.legacy.CraftLegacy] Initializing Legacy Material Support. Unless you have legacy plugins and/or data this is a bug!
[09:59:03] [Server thread/WARN]: Legacy plugin KAKC v1.2 does not specify an api-version.
[09:59:03] [Server thread/INFO]: [LuckPerms] Loading server plugin LuckPerms v5.5.14
[09:59:03] [Server thread/INFO]: [LuckPerms] Loading configuration...
[09:59:03] [Server thread/INFO]: [Vault] Loading server plugin Vault v1.7.3-b131
[09:59:03] [Server thread/INFO]: [PlaceholderAPI] Loading server plugin PlaceholderAPI v2.11.6
[09:59:03] [Server thread/INFO]: [WorldEdit] Loading server plugin WorldEdit v7.3.16+cbf4bd5
[09:59:03] [Server thread/INFO]: Got request to register class com.sk89q.worldedit.bukkit.BukkitServerInterface with WorldEdit [com.sk89q.worldedit.extension.platform.PlatformManager@3fe77e1c]
[09:59:03] [Server thread/INFO]: [TAB] Loading server plugin TAB v5.2.5
[09:59:03] [Server thread/INFO]: [Shopkeepers] Loading server plugin Shopkeepers v2.23.10
[09:59:04] [Server thread/INFO]: [Shopkeepers] Loaded all plugin classes (446 ms).
[09:59:04] [Server thread/INFO]: [Shopkeepers] Compatibility provider loaded: 1_21_R7_paper
[09:59:04] [Server thread/INFO]: [Shopkeepers] Loading config.
[09:59:04] [Server thread/INFO]: [Shopkeepers] Loading language file: language-en-default.yml
[09:59:04] [Server thread/INFO]: [Shopkeepers] Registering defaults.
[09:59:04] [Server thread/INFO]: [KAKC] Loading server plugin KAKC v1.2
[09:59:04] [Server thread/INFO]: [GSit] Loading server plugin GSit v2.4.3
[09:59:04] [Server thread/INFO]: [Essentials] Loading server plugin Essentials v2.22.0-dev+33-65120e9
[09:59:04] [Server thread/INFO]: [dynmap] Loading server plugin dynmap v3.6-899
[09:59:04] [Server thread/INFO]: [dynmap] version=1.21.8-2497-a49cdb9 (MC: 1.21.8)
[09:59:04] [Server thread/ERROR]: [dynmap] Cannot find [Lnet.minecraft.server.BiomeBase;
[09:59:04] [Server thread/ERROR]: [dynmap] Cannot find net.minecraft.server.BiomeStorage
[09:59:04] [Server thread/ERROR]: [dynmap] Unable to find method getHandle for org.bukkit.craftbukkit.CraftChunk
[09:59:04] [Server thread/ERROR]: [dynmap] Unable to find method getValue for com.mojang.authlib.properties.Property
[09:59:04] [Server thread/ERROR]: [dynmap] Error initializing plugin 'Dynmap-3.6-spigot.jar' in folder 'plugins\.paper-remapped' (Is it up to date?)
java.lang.IllegalArgumentException: Error initializing dynmap - bukkit version incompatible!
	at Dynmap-3.6-spigot.jar/org.dynmap.bukkit.helper.BukkitVersionHelperGeneric.<init>(BukkitVersionHelperGeneric.java:165) ~[Dynmap-3.6-spigot.jar:?]
	at Dynmap-3.6-spigot.jar/org.dynmap.bukkit.helper.BukkitVersionHelperCB.<init>(BukkitVersionHelperCB.java:44) ~[Dynmap-3.6-spigot.jar:?]
	at Dynmap-3.6-spigot.jar/org.dynmap.bukkit.Helper.getHelper(Helper.java:95) ~[Dynmap-3.6-spigot.jar:?]
	at Dynmap-3.6-spigot.jar/org.dynmap.bukkit.DynmapPlugin.onLoad(DynmapPlugin.java:901) ~[Dynmap-3.6-spigot.jar:?]
	at io.papermc.paper.plugin.storage.ServerPluginProviderStorage.processProvided(ServerPluginProviderStorage.java:59) ~[purpur-1.21.8.jar:1.21.8-2497-a49cdb9]
	at io.papermc.paper.plugin.storage.ServerPluginProviderStorage.processProvided(ServerPluginProviderStorage.java:18) ~[purpur-1.21.8.jar:1.21.8-2497-a49cdb9]
	at io.papermc.paper.plugin.storage.SimpleProviderStorage.enter(SimpleProviderStorage.java:39) ~[purpur-1.21.8.jar:1.21.8-2497-a49cdb9]
	at io.papermc.paper.plugin.entrypoint.LaunchEntryPointHandler.enter(LaunchEntryPointHandler.java:39) ~[purpur-1.21.8.jar:1.21.8-2497-a49cdb9]
	at org.bukkit.craftbukkit.CraftServer.loadPlugins(CraftServer.java:581) ~[purpur-1.21.8.jar:1.21.8-2497-a49cdb9]
	at net.minecraft.server.dedicated.DedicatedServer.initServer(DedicatedServer.java:269) ~[purpur-1.21.8.jar:1.21.8-2497-a49cdb9]
	at net.minecraft.server.MinecraftServer.runServer(MinecraftServer.java:1179) ~[purpur-1.21.8.jar:1.21.8-2497-a49cdb9]
	at net.minecraft.server.MinecraftServer.lambda$spin$2(MinecraftServer.java:313) ~[purpur-1.21.8.jar:1.21.8-2497-a49cdb9]
	at java.base/java.lang.Thread.run(Thread.java:1583) ~[?:?]
[09:59:04] [Server thread/INFO]: [BlockLocker] Loading server plugin BlockLocker v1.13
[09:59:04] [Server thread/INFO]: Server permissions file permissions.yml is empty, ignoring it
[09:59:04] [Server thread/INFO]: [LuckPerms] Enabling LuckPerms v5.5.14
[09:59:04] [Server thread/INFO]:         __    
[09:59:04] [Server thread/INFO]:   |    |__)   LuckPerms v5.5.14
[09:59:04] [Server thread/INFO]:   |___ |      Running on Bukkit - Purpur
[09:59:04] [Server thread/INFO]: 
[09:59:04] [Server thread/INFO]: [LuckPerms] Loading storage provider... [H2]
[09:59:05] [Server thread/INFO]: [LuckPerms] Loading internal permission managers...
[09:59:05] [Server thread/INFO]: [LuckPerms] Performing initial data load...
[09:59:05] [Server thread/INFO]: [LuckPerms] Successfully enabled. (took 740ms)
[09:59:05] [Server thread/INFO]: [Vault] Enabling Vault v1.7.3-b131
[09:59:05] [Server thread/INFO]: [Vault] [Economy] Essentials Economy found: Waiting
[09:59:05] [Server thread/INFO]: [Vault] [Permission] SuperPermissions loaded as backup permission system.
[09:59:05] [Server thread/INFO]: [Vault] Enabled Version 1.7.3-b131
[09:59:05] [Server thread/INFO]: [LuckPerms] Registered Vault permission & chat hook.
[09:59:05] [Server thread/INFO]: [WorldEdit] Enabling WorldEdit v7.3.16+cbf4bd5
[09:59:05] [Server thread/INFO]: Registering commands with com.sk89q.worldedit.bukkit.BukkitServerInterface
[09:59:05] [Server thread/INFO]: WEPIF: Vault detected! Using Vault for permissions
[09:59:05] [Server thread/INFO]: Using com.sk89q.worldedit.bukkit.adapter.impl.v1_21_6.PaperweightAdapter as the Bukkit adapter
[09:59:06] [Server thread/INFO]: [BlockLocker] Enabling BlockLocker v1.13
[09:59:06] [Server thread/INFO]: Preparing level "world"
[09:59:09] [Server thread/INFO]: Preparing start region for dimension minecraft:overworld
[09:59:09] [Server thread/INFO]: Preparing spawn area: 2%
[09:59:09] [Server thread/INFO]: Preparing spawn area: 18%
[09:59:10] [Server thread/INFO]: Preparing spawn area: 65%
[09:59:10] [Server thread/INFO]: Time elapsed: 1065 ms
[09:59:10] [Server thread/INFO]: Preparing start region for dimension minecraft:the_nether
[09:59:10] [Server thread/INFO]: Preparing spawn area: 2%
[09:59:10] [Server thread/INFO]: Preparing spawn area: 48%
[09:59:10] [Server thread/INFO]: Time elapsed: 513 ms
[09:59:10] [Server thread/INFO]: Preparing start region for dimension minecraft:the_end
[09:59:10] [Server thread/INFO]: Preparing spawn area: 2%
[09:59:10] [Server thread/INFO]: Time elapsed: 99 ms
[09:59:10] [Server thread/INFO]: [PlaceholderAPI] Enabling PlaceholderAPI v2.11.6
[09:59:11] [Server thread/INFO]: [PlaceholderAPI] Fetching available expansion information...
[09:59:11] [Server thread/INFO]: [TAB] Enabling TAB v5.2.5
[09:59:11] [Server thread/INFO]: [TAB] Enabled in 136ms
[09:59:11] [Server thread/INFO]: [Shopkeepers] Enabling Shopkeepers v2.23.10
[09:59:11] [Server thread/INFO]: [KAKC] Enabling KAKC v1.2*
[09:59:11] [Server thread/INFO]: [GSit] Enabling GSit v2.4.3
[09:59:11] [Server thread/INFO]: [PlaceholderAPI] Successfully registered internal expansion: gsit [2.4.3]
[09:59:11] [Server thread/INFO]: [GSit] The plugin was successfully enabled.
[09:59:11] [Server thread/INFO]: [GSit] Link with PlaceholderAPI successful!
[09:59:11] [Server thread/INFO]: [Essentials] Enabling Essentials v2.22.0-dev+33-65120e9
[09:59:11] [Server thread/ERROR]: [Essentials] 지원하지 않는 서버를 사용하고 있습니다.
[09:59:11] [Server thread/INFO]: [Essentials] Attempting to convert old kits in config.yml to new kits.yml
[09:59:11] [Server thread/INFO]: [Essentials] No kits found to migrate.
[09:59:11] [Server thread/INFO]: [Essentials] Selected Reflection Online Mode Provider as the provider for OnlineModeProvider
[09:59:11] [Server thread/INFO]: [Essentials] Selected Paper Serialization Provider as the provider for SerializationProvider
[09:59:11] [Server thread/INFO]: [Essentials] Selected 1.21+ InventoryView Interface ABI Provider as the provider for InventoryViewProvider
[09:59:11] [Server thread/INFO]: [Essentials] Selected 1.20.6+ Potion Meta Provider as the provider for PotionMetaProvider
[09:59:11] [Server thread/INFO]: [Essentials] Selected 1.21.4+ Sync Commands Provider as the provider for SyncCommandsProvider
[09:59:11] [Server thread/INFO]: [Essentials] Selected Paper Server State Provider as the provider for ServerStateProvider
[09:59:11] [Server thread/INFO]: [Essentials] Selected Paper Biome Key Provider as the provider for BiomeKeyProvider
[09:59:11] [Server thread/INFO]: [Essentials] Selected Paper Material Tag Provider as the provider for MaterialTagProvider
[09:59:11] [Server thread/INFO]: [Essentials] Selected Paper Tick Count Provider as the provider for TickCountProvider
[09:59:11] [Server thread/INFO]: [Essentials] Selected 1.20.5+ Banner Data Provider as the provider for BannerDataProvider
[09:59:11] [Server thread/INFO]: [Essentials] Selected 1.12.2+ Player Locale Provider as the provider for PlayerLocaleProvider
[09:59:11] [Server thread/INFO]: [Essentials] Selected 1.14+ Sign Data Provider as the provider for SignDataProvider
[09:59:11] [Server thread/INFO]: [Essentials] Selected Legacy Biome Name Provider as the provider for BiomeNameProvider
[09:59:11] [Server thread/INFO]: [Essentials] Selected 1.11+ Item Unbreakable Provider as the provider for ItemUnbreakableProvider
[09:59:11] [Server thread/INFO]: [Essentials] Selected 1.20.4+ Damage Event Provider as the provider for DamageEventProvider
[09:59:11] [Server thread/INFO]: [Essentials] Selected Paper Known Commands Provider as the provider for KnownCommandsProvider
[09:59:11] [Server thread/INFO]: [Essentials] Selected Reflection Formatted Command Alias Provider as the provider for FormattedCommandAliasProvider
[09:59:11] [Server thread/INFO]: [Essentials] Selected 1.8.3+ Spawner Item Provider as the provider for SpawnerItemProvider
[09:59:11] [Server thread/INFO]: [Essentials] Selected 1.13+ Spawn Egg Provider as the provider for SpawnEggProvider
[09:59:11] [Server thread/INFO]: [Essentials] Selected Paper Container Provider as the provider for ContainerProvider
[09:59:11] [Server thread/INFO]: [Essentials] Selected 1.14.4+ Persistent Data Container Provider as the provider for PersistentDataProvider
[09:59:11] [Server thread/INFO]: [Essentials] Selected 1.17.1+ World Info Provider as the provider for WorldInfoProvider
[09:59:11] [Server thread/INFO]: [Essentials] Selected 1.12+ Spawner Block Provider as the provider for SpawnerBlockProvider
[09:59:11] [Server thread/INFO]: [Essentials] Loaded 45989 items from items.json.
[09:59:11] [Server thread/INFO]: [Essentials] Using locale ko_KR
[09:59:11] [Server thread/INFO]: [Essentials] ServerListPingEvent: Spigot iterator API
[09:59:11] [Server thread/INFO]: [Essentials] Starting Metrics. Opt-out using the global bStats config.
[09:59:11] [Server thread/INFO]: [Vault] [Economy] Essentials Economy hooked.
[09:59:11] [Server thread/INFO]: [Essentials] Using Vault based permissions (LuckPerms)
[09:59:11] [Server thread/INFO]: [dynmap] Enabling dynmap v3.6-899
[09:59:11] [Server thread/INFO]: [dynmap] Dynmap is disabled (unsupported platform)
[09:59:12] [Server thread/INFO]: [spark] Starting background profiler...
[09:59:12] [Server thread/INFO]: [spark] The async-profiler engine is not supported for your os/arch (windows11/amd64), so the built-in Java engine will be used instead.
[09:59:12] [Server thread/INFO]: [PlaceholderAPI] Placeholder expansion registration initializing...
[09:59:12] [Server thread/INFO]: Done preparing level "world" (5.847s)
[09:59:12] [Server thread/INFO]: Running delayed init tasks
[09:59:12] [Craft Scheduler Thread - 2 - Essentials/INFO]: [Essentials] 버전 정보를 가져오는중...
[09:59:12] [Server thread/INFO]: [Essentials] Essentials found a compatible payment resolution method: Vault Compatibility Layer (v1.7.3-b131)!
[09:59:12] [Server thread/INFO]: [PlaceholderAPI] Successfully registered external expansion: essentials [1.5.2]
[09:59:12] [Server thread/INFO]: [PlaceholderAPI] Successfully registered external expansion: player [2.0.8]
[09:59:12] [Server thread/INFO]: [PlaceholderAPI] Successfully registered external expansion: vault [1.8.3]
[09:59:12] [Server thread/INFO]: 3 placeholder hook(s) registered!
[09:59:12] [Server thread/INFO]: Done (23.250s)! For help, type "help"
[09:59:12] [Craft Scheduler Thread - 7 - Vault/INFO]: [Vault] Checking for Updates ... 
[09:59:12] [Craft Scheduler Thread - 7 - Vault/INFO]: [Vault] No new version available
[09:59:28] [Folia Async Scheduler Thread #0/WARN]: [BlockLocker] Error during update check (you can disable automatic updates in the config file)
java.net.ConnectException: Connection timed out: connect
	at java.base/sun.nio.ch.Net.connect0(Native Method) ~[?:?]
	at java.base/sun.nio.ch.Net.connect(Net.java:589) ~[?:?]
	at java.base/sun.nio.ch.Net.connect(Net.java:578) ~[?:?]
	at java.base/sun.nio.ch.NioSocketImpl.connect(NioSocketImpl.java:583) ~[?:?]
	at java.base/java.net.SocksSocketImpl.connect(SocksSocketImpl.java:327) ~[?:?]
	at java.base/java.net.Socket.connect(Socket.java:751) ~[?:?]
	at java.base/sun.security.ssl.SSLSocketImpl.connect(SSLSocketImpl.java:304) ~[?:?]
	at java.base/sun.security.ssl.BaseSSLSocketImpl.connect(BaseSSLSocketImpl.java:181) ~[?:?]
	at java.base/sun.net.NetworkClient.doConnect(NetworkClient.java:183) ~[?:?]
	at java.base/sun.net.www.http.HttpClient.openServer(HttpClient.java:531) ~[?:?]
	at java.base/sun.net.www.http.HttpClient.openServer(HttpClient.java:636) ~[?:?]
	at java.base/sun.net.www.protocol.https.HttpsClient.<init>(HttpsClient.java:264) ~[?:?]
	at java.base/sun.net.www.protocol.https.HttpsClient.New(HttpsClient.java:377) ~[?:?]
	at java.base/sun.net.www.protocol.https.AbstractDelegateHttpsURLConnection.getNewHttpClient(AbstractDelegateHttpsURLConnection.java:193) ~[?:?]
	at java.base/sun.net.www.protocol.http.HttpURLConnection.plainConnect0(HttpURLConnection.java:1237) ~[?:?]
	at java.base/sun.net.www.protocol.http.HttpURLConnection.plainConnect(HttpURLConnection.java:1123) ~[?:?]
	at java.base/sun.net.www.protocol.https.AbstractDelegateHttpsURLConnection.connect(AbstractDelegateHttpsURLConnection.java:179) ~[?:?]
	at java.base/sun.net.www.protocol.http.HttpURLConnection.getInputStream0(HttpURLConnection.java:1675) ~[?:?]
	at java.base/sun.net.www.protocol.http.HttpURLConnection.getInputStream(HttpURLConnection.java:1599) ~[?:?]
	at java.base/sun.net.www.protocol.https.HttpsURLConnectionImpl.getInputStream(HttpsURLConnectionImpl.java:223) ~[?:?]
	at BlockLocker.jar/nl.rutgerkok.blocklocker.impl.updater.UpdateChecker.checkForUpdatesSync(UpdateChecker.java:41) ~[BlockLocker.jar:?]
	at BlockLocker.jar/nl.rutgerkok.blocklocker.impl.updater.Updater.updateSync(Updater.java:127) ~[BlockLocker.jar:?]
	at BlockLocker.jar/nl.rutgerkok.blocklocker.impl.updater.Updater.lambda$startUpdater$0(Updater.java:102) ~[BlockLocker.jar:?]
	at BlockLocker.jar/nl.rutgerkok.blocklocker.impl.SchedulerSupport.lambda$runTimerAsync$3(SchedulerSupport.java:151) ~[BlockLocker.jar:?]
	at io.papermc.paper.threadedregions.scheduler.FoliaAsyncScheduler$AsyncScheduledTask.run(FoliaAsyncScheduler.java:217) ~[purpur-1.21.8.jar:?]
	at java.base/java.util.concurrent.ThreadPoolExecutor.runWorker(ThreadPoolExecutor.java:1144) ~[?:?]
	at java.base/java.util.concurrent.ThreadPoolExecutor$Worker.run(ThreadPoolExecutor.java:642) ~[?:?]
	at java.base/java.lang.Thread.run(Thread.java:1583) ~[?:?]
[10:00:09] [User Authenticator #0/INFO]: UUID of player Exynos12 is 9b36aeb1-7469-478a-b940-fddfe42a66ba
[10:00:09] [Server thread/INFO]: [HorriblePlayerLoginEventHack] You have plugins listening to the PlayerLoginEvent, this will cause re-configuration APIs to be unavailable: [LuckPerms]
[10:00:09] [Server thread/INFO]: Exynos12 joined the game
[10:00:09] [Server thread/INFO]: Exynos12[/127.0.0.1:53475] logged in with entity id 78 at ([world]-10.5, 69.0, -48.5)
[10:00:23] [Server thread/INFO]: Made Exynos a server operator
[10:00:31] [Server thread/INFO]: That player does not exist
[10:00:47] [Server thread/INFO]: Made Exynos12 a server operator
[10:00:55] [Server thread/INFO]: Exynos12 issued server command: /gamemode creative
[10:01:06] [Server thread/INFO]: Exynos12 lost connection: Disconnected
[10:01:06] [Server thread/INFO]: Exynos12 left the game
[10:01:18] [Server thread/INFO]: Stopping the server
[10:01:18] [Server thread/INFO]: Stopping server
[10:01:18] [Server thread/INFO]: [BlockLocker] Disabling BlockLocker v1.13
[10:01:18] [Server thread/INFO]: [dynmap] Disabling dynmap v3.6-899
[10:01:18] [Server thread/ERROR]: Error occurred while disabling dynmap v3.6-899
java.lang.NullPointerException: Cannot invoke "org.dynmap.DynmapCore.disableCore()" because "this.core" is null
	at Dynmap-3.6-spigot.jar/org.dynmap.bukkit.DynmapPlugin.onDisable(DynmapPlugin.java:1094) ~[Dynmap-3.6-spigot.jar:?]
	at org.bukkit.plugin.java.JavaPlugin.setEnabled(JavaPlugin.java:286) ~[purpur-api-1.21.8-R0.1-SNAPSHOT.jar:?]
	at io.papermc.paper.plugin.manager.PaperPluginInstanceManager.disablePlugin(PaperPluginInstanceManager.java:237) ~[purpur-1.21.8.jar:1.21.8-2497-a49cdb9]
	at io.papermc.paper.plugin.manager.PaperPluginInstanceManager.disablePlugins(PaperPluginInstanceManager.java:161) ~[purpur-1.21.8.jar:1.21.8-2497-a49cdb9]
	at io.papermc.paper.plugin.manager.PaperPluginManagerImpl.disablePlugins(PaperPluginManagerImpl.java:97) ~[purpur-1.21.8.jar:1.21.8-2497-a49cdb9]
	at org.bukkit.plugin.SimplePluginManager.disablePlugins(SimplePluginManager.java:541) ~[purpur-api-1.21.8-R0.1-SNAPSHOT.jar:?]
	at org.bukkit.craftbukkit.CraftServer.disablePlugins(CraftServer.java:639) ~[purpur-1.21.8.jar:1.21.8-2497-a49cdb9]
	at net.minecraft.server.MinecraftServer.stopServer(MinecraftServer.java:1014) ~[purpur-1.21.8.jar:1.21.8-2497-a49cdb9]
	at net.minecraft.server.dedicated.DedicatedServer.stopServer(DedicatedServer.java:748) ~[purpur-1.21.8.jar:1.21.8-2497-a49cdb9]
	at net.minecraft.server.MinecraftServer.runServer(MinecraftServer.java:1332) ~[purpur-1.21.8.jar:1.21.8-2497-a49cdb9]
	at net.minecraft.server.MinecraftServer.lambda$spin$2(MinecraftServer.java:313) ~[purpur-1.21.8.jar:1.21.8-2497-a49cdb9]
	at java.base/java.lang.Thread.run(Thread.java:1583) ~[?:?]
[10:01:18] [Server thread/INFO]: [Essentials] Disabling Essentials v2.22.0-dev+33-65120e9
[10:01:18] [Server thread/INFO]: [Vault] [Economy] Essentials Economy unhooked.
[10:01:18] [Server thread/INFO]: [GSit] Disabling GSit v2.4.3
[10:01:18] [Server thread/INFO]: [GSit] The plugin was successfully disabled.
[10:01:18] [Server thread/INFO]: [KAKC] Disabling KAKC v1.2
[10:01:18] [Server thread/INFO]: [Shopkeepers] Disabling Shopkeepers v2.23.10
[10:01:18] [Server thread/INFO]: [TAB] Disabling TAB v5.2.5
[10:01:18] [Server thread/INFO]: [TAB] Disabled in 0ms
[10:01:18] [Server thread/INFO]: [WorldEdit] Disabling WorldEdit v7.3.16+cbf4bd5
[10:01:18] [Server thread/INFO]: Unregistering com.sk89q.worldedit.bukkit.BukkitServerInterface from WorldEdit
[10:01:18] [Server thread/INFO]: [PlaceholderAPI] Disabling PlaceholderAPI v2.11.6
[10:01:18] [Server thread/INFO]: [Vault] Disabling Vault v1.7.3-b131
[10:01:18] [Server thread/INFO]: [LuckPerms] Disabling LuckPerms v5.5.14
[10:01:18] [Server thread/INFO]: [LuckPerms] Starting shutdown process...
[10:01:18] [Server thread/INFO]: [LuckPerms] Closing storage...
[10:01:18] [Server thread/INFO]: [LuckPerms] Goodbye!
[10:01:18] [Server thread/INFO]: Saving players
[10:01:18] [Server thread/INFO]: Saving worlds
[10:01:18] [Server thread/INFO]: Saving chunks for level 'ServerLevel[world]'/minecraft:overworld
[10:01:18] [Server thread/INFO]: [ChunkHolderManager] Waiting 60s for chunk system to halt for world 'world'
[10:01:18] [Server thread/INFO]: [ChunkHolderManager] Halted chunk system for world 'world'
[10:01:18] [Server thread/INFO]: [ChunkHolderManager] Saving all chunkholders for world 'world'
[10:01:18] [Server thread/INFO]: [ChunkHolderManager] Saved 841 block chunks, 700 entity chunks, 15 poi chunks in world 'world' in 0.33s
[10:01:18] [Server thread/INFO]: [ChunkHolderManager] Waiting 60s for chunk I/O to halt for world 'world'
[10:01:18] [Server thread/INFO]: [ChunkHolderManager] Halted I/O scheduler for world 'world'
[10:01:18] [Server thread/INFO]: Saving chunks for level 'ServerLevel[world_nether]'/minecraft:the_nether
[10:01:18] [Server thread/INFO]: [ChunkHolderManager] Waiting 60s for chunk system to halt for world 'world_nether'
[10:01:18] [Server thread/INFO]: [ChunkHolderManager] Halted chunk system for world 'world_nether'
[10:01:18] [Server thread/INFO]: [ChunkHolderManager] Saving all chunkholders for world 'world_nether'
[10:01:19] [Server thread/INFO]: [ChunkHolderManager] Saved 841 block chunks, 49 entity chunks, 0 poi chunks in world 'world_nether' in 0.06s
[10:01:19] [Server thread/INFO]: [ChunkHolderManager] Waiting 60s for chunk I/O to halt for world 'world_nether'
[10:01:19] [Server thread/INFO]: [ChunkHolderManager] Halted I/O scheduler for world 'world_nether'
[10:01:19] [Server thread/INFO]: Saving chunks for level 'ServerLevel[world_the_end]'/minecraft:the_end
[10:01:19] [Server thread/INFO]: [ChunkHolderManager] Waiting 60s for chunk system to halt for world 'world_the_end'
[10:01:19] [Server thread/INFO]: [ChunkHolderManager] Halted chunk system for world 'world_the_end'
[10:01:19] [Server thread/INFO]: [ChunkHolderManager] Saving all chunkholders for world 'world_the_end'
[10:01:19] [Server thread/INFO]: [ChunkHolderManager] Saved 841 block chunks, 49 entity chunks, 0 poi chunks in world 'world_the_end' in 0.06s
[10:01:19] [Server thread/INFO]: [ChunkHolderManager] Waiting 60s for chunk I/O to halt for world 'world_the_end'
[10:01:19] [Server thread/INFO]: [ChunkHolderManager] Halted I/O scheduler for world 'world_the_end'
[10:01:19] [Server thread/INFO]: ThreadedAnvilChunkStorage (world): All chunks are saved
[10:01:19] [Server thread/INFO]: ThreadedAnvilChunkStorage (DIM-1): All chunks are saved
[10:01:19] [Server thread/INFO]: ThreadedAnvilChunkStorage (DIM1): All chunks are saved
[10:01:19] [Server thread/INFO]: ThreadedAnvilChunkStorage: All dimensions are saved
[10:01:19] [Server thread/INFO]: Waiting for all RegionFile I/O tasks to complete...
[10:01:19] [Server thread/INFO]: All RegionFile I/O tasks to complete
[10:01:19] [Server thread/INFO]: [MoonriseCommon] Awaiting termination of worker pool for up to 60s...
[10:01:19] [Server thread/INFO]: [MoonriseCommon] Awaiting termination of I/O pool for up to 60s...
